<?xml version="1.0" encoding="UTF-8"?>
<!-- Generated by org.testng.reporters.JUnitReportReporter -->
<testsuite hostname="LAPTOP-FLHPVMKE" name="org.aws.ws.test.Tests" tests="1" failures="0" timestamp="4 Jun 2018 00:12:45 GMT" time="2.145" errors="0">
  <testcase name="getPostsAPI" time="2.145" classname="org.aws.ws.test.Tests"/>
</testsuite> <!-- org.aws.ws.test.Tests -->
