<?xml version="1.0" encoding="UTF-8"?>
<!-- Generated by org.testng.reporters.JUnitReportReporter -->
<testsuite hostname="LAPTOP-FLHPVMKE" name="TestFramework.basics" tests="1" failures="0" timestamp="3 Jun 2018 23:03:09 GMT" time="2.877" errors="0">
  <testcase name="getPlaceAPI" time="2.877" classname="TestFramework.basics"/>
</testsuite> <!-- TestFramework.basics -->
