<?xml version="1.0" encoding="UTF-8"?>
<!-- Generated by org.testng.reporters.JUnitReportReporter -->
<testsuite hostname="LAPTOP-FLHPVMKE" name="org.aws.ws.test.basics" tests="1" failures="0" timestamp="3 Jun 2018 23:36:26 GMT" time="2.302" errors="0">
  <testcase name="getPostsAPI" time="2.302" classname="org.aws.ws.test.basics"/>
</testsuite> <!-- org.aws.ws.test.basics -->
